2019-11-11 21:45:45 - PHP Warning:  mysqli::__construct(): (HY000/1045): Access denied for user 'root'@'localhost' (using password: NO) in C:\MAMP\htdocs\toys\system\library\db\mysqli.php on line 7
2019-11-11 21:45:45 - PHP Warning:  DB\MySQLi::__construct(): Couldn't fetch mysqli in C:\MAMP\htdocs\toys\system\library\db\mysqli.php on line 10
2019-11-11 21:45:45 - PHP Warning:  DB\MySQLi::__construct(): Couldn't fetch mysqli in C:\MAMP\htdocs\toys\system\library\db\mysqli.php on line 10
2019-11-11 21:45:45 - PHP Notice:  Undefined variable: mysql in C:\MAMP\htdocs\toys\install\controller\install\step_3.php on line 281
2019-11-11 21:45:45 - PHP Notice:  Trying to get property 'connect_error' of non-object in C:\MAMP\htdocs\toys\install\controller\install\step_3.php on line 281
2019-11-11 21:48:18 - PHP Warning:  mysqli::__construct(): (HY000/1045): Access denied for user 'root'@'localhost' (using password: YES) in C:\MAMP\htdocs\toys\system\library\db\mysqli.php on line 7
2019-11-11 21:48:18 - PHP Warning:  DB\MySQLi::__construct(): Couldn't fetch mysqli in C:\MAMP\htdocs\toys\system\library\db\mysqli.php on line 10
2019-11-11 21:48:18 - PHP Warning:  DB\MySQLi::__construct(): Couldn't fetch mysqli in C:\MAMP\htdocs\toys\system\library\db\mysqli.php on line 10
2019-11-11 21:48:18 - PHP Notice:  Undefined variable: mysql in C:\MAMP\htdocs\toys\install\controller\install\step_3.php on line 281
2019-11-11 21:48:18 - PHP Notice:  Trying to get property 'connect_error' of non-object in C:\MAMP\htdocs\toys\install\controller\install\step_3.php on line 281
2019-11-11 21:48:35 - PHP Warning:  mysqli::__construct(): (HY000/1045): Access denied for user 'root'@'localhost' (using password: NO) in C:\MAMP\htdocs\toys\system\library\db\mysqli.php on line 7
2019-11-11 21:48:35 - PHP Warning:  DB\MySQLi::__construct(): Couldn't fetch mysqli in C:\MAMP\htdocs\toys\system\library\db\mysqli.php on line 10
2019-11-11 21:48:35 - PHP Warning:  DB\MySQLi::__construct(): Couldn't fetch mysqli in C:\MAMP\htdocs\toys\system\library\db\mysqli.php on line 10
2019-11-11 21:48:35 - PHP Notice:  Undefined variable: mysql in C:\MAMP\htdocs\toys\install\controller\install\step_3.php on line 281
2019-11-11 21:48:35 - PHP Notice:  Trying to get property 'connect_error' of non-object in C:\MAMP\htdocs\toys\install\controller\install\step_3.php on line 281
2019-11-11 22:40:22 - PHP Warning:  mail(): Failed to connect to mailserver at &quot;localhost&quot; port 25, verify your &quot;SMTP&quot; and &quot;smtp_port&quot; setting in php.ini or use ini_set() in C:\MAMP\htdocs\toys\system\library\mail\mail.php on line 77
2019-11-12 5:07:29 - PHP Warning:  mail(): Failed to connect to mailserver at &quot;localhost&quot; port 25, verify your &quot;SMTP&quot; and &quot;smtp_port&quot; setting in php.ini or use ini_set() in C:\MAMP\htdocs\toys\system\library\mail\mail.php on line 77
2019-11-12 5:14:13 - PHP Warning:  mail(): Failed to connect to mailserver at &quot;localhost&quot; port 25, verify your &quot;SMTP&quot; and &quot;smtp_port&quot; setting in php.ini or use ini_set() in C:\MAMP\htdocs\toys\system\library\mail\mail.php on line 77
2019-11-12 5:14:14 - PHP Warning:  mail(): Failed to connect to mailserver at &quot;localhost&quot; port 25, verify your &quot;SMTP&quot; and &quot;smtp_port&quot; setting in php.ini or use ini_set() in C:\MAMP\htdocs\toys\system\library\mail\mail.php on line 77
2019-11-12 5:16:37 - PHP Warning:  mail(): Failed to connect to mailserver at &quot;localhost&quot; port 25, verify your &quot;SMTP&quot; and &quot;smtp_port&quot; setting in php.ini or use ini_set() in C:\MAMP\htdocs\toys\system\library\mail\mail.php on line 77
2019-11-12 5:16:42 - PHP Warning:  mail(): Failed to connect to mailserver at &quot;localhost&quot; port 25, verify your &quot;SMTP&quot; and &quot;smtp_port&quot; setting in php.ini or use ini_set() in C:\MAMP\htdocs\toys\system\library\mail\mail.php on line 77
2019-11-12 5:16:55 - PHP Warning:  mail(): Failed to connect to mailserver at &quot;localhost&quot; port 25, verify your &quot;SMTP&quot; and &quot;smtp_port&quot; setting in php.ini or use ini_set() in C:\MAMP\htdocs\toys\system\library\mail\mail.php on line 77
2019-11-13 5:40:15 - PHP Warning:  mail(): Failed to connect to mailserver at &quot;localhost&quot; port 25, verify your &quot;SMTP&quot; and &quot;smtp_port&quot; setting in php.ini or use ini_set() in C:\MAMP\htdocs\toys\system\library\mail\mail.php on line 77
2019-11-13 5:40:55 - PHP Warning:  A non-numeric value encountered in C:\MAMP\htdocs\toys\admin\controller\sale\order.php on line 1799
2019-11-13 19:48:03 - PHP Notice:  Undefined index: code in C:\MAMP\htdocs\toys\admin\model\design\layout.php on line 38
2019-11-13 19:48:03 - PHP Notice:  Undefined index: code in C:\MAMP\htdocs\toys\admin\model\design\layout.php on line 38
2019-11-14 20:54:34 - PHP Warning:  unlink(C:/MAMP/storage/cache/cache.article.total.1.0.1.9ad218453f833c1f2c56dc4a018ae03d.1573768377): No such file or directory in C:\MAMP\htdocs\toys\system\library\cache\file.php on line 68
2019-11-14 20:56:29 - PHP Warning:  unlink(C:/MAMP/storage/cache/cache.catalog.language.1573768589): No such file or directory in C:\MAMP\htdocs\toys\system\library\cache\file.php on line 68
2019-11-15 3:39:03 - PHP Notice:  Undefined index: layout_id in C:\MAMP\storage\modification\admin\controller\design\layout.php on line 380
2019-11-15 3:51:09 - PHP Notice:  Undefined index: layout_id in C:\MAMP\storage\modification\admin\controller\design\layout.php on line 380
2019-11-15 16:14:17 - PHP Warning:  preg_replace(): Unknown modifier '$' in C:\MAMP\htdocs\toys\system\library\seopro.php on line 416
2019-11-15 16:30:44 - PHP Notice:  Undefined variable: data in C:\MAMP\storage\modification\catalog\controller\common\header.php on line 149
2019-11-15 16:30:54 - PHP Notice:  Undefined variable: data in C:\MAMP\storage\modification\catalog\controller\common\header.php on line 149
2019-11-15 16:30:54 - PHP Notice:  Undefined variable: data in C:\MAMP\storage\modification\catalog\controller\common\header.php on line 144
2019-11-15 16:31:00 - PHP Notice:  Undefined variable: data in C:\MAMP\storage\modification\catalog\controller\common\header.php on line 149
2019-11-15 16:31:00 - PHP Notice:  Undefined variable: data in C:\MAMP\storage\modification\catalog\controller\common\header.php on line 144
2019-11-15 16:32:02 - PHP Notice:  Undefined variable: data in C:\MAMP\storage\modification\catalog\controller\common\header.php on line 149
2019-11-15 16:32:02 - PHP Notice:  Undefined variable: data in C:\MAMP\storage\modification\catalog\controller\common\header.php on line 144
2019-11-15 16:33:25 - PHP Notice:  Undefined variable: data in C:\MAMP\storage\modification\catalog\controller\common\header.php on line 149
2019-11-15 16:33:25 - PHP Notice:  Undefined variable: data in C:\MAMP\storage\modification\catalog\controller\common\header.php on line 144
2019-11-15 16:33:27 - PHP Notice:  Undefined variable: data in C:\MAMP\storage\modification\catalog\controller\common\header.php on line 149
2019-11-15 16:33:27 - PHP Notice:  Undefined variable: data in C:\MAMP\storage\modification\catalog\controller\common\header.php on line 144
2019-11-15 16:33:59 - PHP Notice:  Undefined variable: data in C:\MAMP\storage\modification\catalog\controller\common\header.php on line 149
2019-11-15 16:33:59 - PHP Notice:  Undefined variable: data in C:\MAMP\storage\modification\catalog\controller\common\header.php on line 144
2019-11-15 16:34:40 - PHP Notice:  Undefined variable: data in C:\MAMP\storage\modification\catalog\controller\common\header.php on line 149
2019-11-15 16:34:40 - PHP Notice:  Undefined variable: data in C:\MAMP\storage\modification\catalog\controller\common\header.php on line 144
2019-11-15 16:35:04 - PHP Notice:  Undefined variable: data in C:\MAMP\storage\modification\catalog\controller\common\header.php on line 149
2019-11-15 16:35:04 - PHP Notice:  Undefined variable: data in C:\MAMP\storage\modification\catalog\controller\common\header.php on line 144
2019-11-15 16:39:06 - PHP Warning:  rmdir(C:/MAMP/storage/modification/catalog): Directory not empty in C:\MAMP\htdocs\toys\admin\controller\marketplace\modification.php on line 105
2019-11-15 18:33:18 - PHP Warning:  filesize(): stat failed for C:/MAMP/storage/cache/modulecreator/default.ocmod.zip in C:\MAMP\htdocs\toys\admin\controller\extension\module\modulecreator.php on line 588
2019-11-15 18:33:18 - PHP Warning:  readfile(C:/MAMP/storage/cache/modulecreator/default.ocmod.zip): failed to open stream: No such file or directory in C:\MAMP\htdocs\toys\admin\controller\extension\module\modulecreator.php on line 590
2019-11-15 18:33:18 - PHP Warning:  unlink(C:/MAMP/storage/cache/modulecreator/default.ocmod.zip): No such file or directory in C:\MAMP\htdocs\toys\admin\controller\extension\module\modulecreator.php on line 592
2019-11-17 12:08:39 - PHP Warning:  unlink(C:/MAMP/storage/cache/cache.article.total.1.0.1.510df4f199151ec834717e7a6f19f35a.1573996119): No such file or directory in C:\MAMP\htdocs\toys\system\library\cache\file.php on line 68
2019-11-17 15:52:45 - PHP Warning:  A non-numeric value encountered in C:\MAMP\htdocs\toys\system\library\image.php on line 148
2019-11-17 15:52:45 - PHP Warning:  A non-numeric value encountered in C:\MAMP\htdocs\toys\system\library\image.php on line 149
2019-11-17 15:52:45 - PHP Warning:  A non-numeric value encountered in C:\MAMP\htdocs\toys\system\library\image.php on line 165
2019-11-17 15:52:45 - PHP Warning:  A non-numeric value encountered in C:\MAMP\htdocs\toys\system\library\image.php on line 166
2019-11-17 15:52:45 - PHP Warning:  imagecreatetruecolor() expects parameter 1 to be integer, string given in C:\MAMP\htdocs\toys\system\library\image.php on line 169
2019-11-17 15:52:45 - PHP Warning:  imagealphablending() expects parameter 1 to be resource, null given in C:\MAMP\htdocs\toys\system\library\image.php on line 172
2019-11-17 15:52:45 - PHP Warning:  imagesavealpha() expects parameter 1 to be resource, null given in C:\MAMP\htdocs\toys\system\library\image.php on line 173
2019-11-17 15:52:45 - PHP Warning:  imagecolorallocatealpha() expects parameter 1 to be resource, null given in C:\MAMP\htdocs\toys\system\library\image.php on line 174
2019-11-17 15:52:45 - PHP Warning:  imagecolortransparent() expects parameter 1 to be resource, null given in C:\MAMP\htdocs\toys\system\library\image.php on line 175
2019-11-17 15:52:45 - PHP Warning:  imagefilledrectangle() expects parameter 1 to be resource, null given in C:\MAMP\htdocs\toys\system\library\image.php on line 180
2019-11-17 15:52:45 - PHP Warning:  imagecopyresampled() expects parameter 1 to be resource, null given in C:\MAMP\htdocs\toys\system\library\image.php on line 182
2019-11-17 15:52:45 - PHP Warning:  A non-numeric value encountered in C:\MAMP\htdocs\toys\system\library\image.php on line 148
2019-11-17 15:52:45 - PHP Warning:  A non-numeric value encountered in C:\MAMP\htdocs\toys\system\library\image.php on line 149
2019-11-17 15:52:45 - PHP Warning:  A non-numeric value encountered in C:\MAMP\htdocs\toys\system\library\image.php on line 165
2019-11-17 15:52:45 - PHP Warning:  A non-numeric value encountered in C:\MAMP\htdocs\toys\system\library\image.php on line 166
2019-11-17 15:52:45 - PHP Warning:  imagecreatetruecolor() expects parameter 1 to be integer, string given in C:\MAMP\htdocs\toys\system\library\image.php on line 169
2019-11-17 15:52:45 - PHP Warning:  imagecolorallocate() expects parameter 1 to be resource, null given in C:\MAMP\htdocs\toys\system\library\image.php on line 177
2019-11-17 15:52:45 - PHP Warning:  imagefilledrectangle() expects parameter 1 to be resource, null given in C:\MAMP\htdocs\toys\system\library\image.php on line 180
2019-11-17 15:52:45 - PHP Warning:  imagecopyresampled() expects parameter 1 to be resource, null given in C:\MAMP\htdocs\toys\system\library\image.php on line 182
2019-11-19 18:40:28 - PHP Notice:  Undefined variable: product_total in C:\MAMP\htdocs\toys\catalog\controller\extension\module\latest.php on line 20
2019-11-19 18:40:35 - PHP Notice:  Undefined variable: product_total in C:\MAMP\htdocs\toys\catalog\controller\extension\module\latest.php on line 20
2019-11-22 12:01:27 - PHP Notice:  Undefined variable: server in C:\MAMP\htdocs\toys\catalog\controller\common\footer.php on line 39
2019-11-22 12:02:19 - PHP Notice:  Undefined variable: server in C:\MAMP\htdocs\toys\catalog\controller\common\footer.php on line 39
2019-11-22 12:03:36 - PHP Notice:  Undefined variable: server in C:\MAMP\htdocs\toys\catalog\controller\common\footer.php on line 39
2019-11-22 12:04:17 - PHP Notice:  Undefined variable: server in C:\MAMP\htdocs\toys\catalog\controller\common\footer.php on line 39
2019-11-22 12:05:01 - PHP Notice:  Undefined variable: server in C:\MAMP\htdocs\toys\catalog\controller\common\footer.php on line 39
2019-11-22 12:05:06 - PHP Notice:  Undefined variable: server in C:\MAMP\htdocs\toys\catalog\controller\common\footer.php on line 39
2019-11-22 12:06:10 - PHP Notice:  Undefined variable: server in C:\MAMP\htdocs\toys\catalog\controller\common\footer.php on line 39
2019-11-22 12:06:23 - PHP Notice:  Undefined variable: server in C:\MAMP\htdocs\toys\catalog\controller\common\footer.php on line 39
2019-11-22 12:12:24 - PHP Notice:  Undefined variable: server in C:\MAMP\htdocs\toys\catalog\controller\common\footer.php on line 39
2019-11-22 12:15:02 - PHP Notice:  Undefined variable: server in C:\MAMP\htdocs\toys\catalog\controller\common\footer.php on line 39
2019-11-22 12:15:05 - PHP Notice:  Undefined variable: server in C:\MAMP\htdocs\toys\catalog\controller\common\footer.php on line 39
2019-11-22 12:15:12 - PHP Notice:  Undefined variable: server in C:\MAMP\htdocs\toys\catalog\controller\common\footer.php on line 39
